[Licensing::Module] Trying to connect to existing licensing client channel...
Built from '6000.3/staging' branch; Version is '6000.3.8f1 (1c7db571dde0) revision 1867189'; Using compiler version '194234433'; Build Type 'Release'
[Licensing::IpcConnector] Successfully connected to: "LicenseClient-dangreen" at "2026-02-15T04:28:47.447759Z"
OS: 'Windows 11  (10.0.26200) Enterprise' Language: 'en' Physical Memory: 65360 MB
BatchMode: 1, IsHumanControllingUs: 0, StartBugReporterOnCrash: 0, Is64bit: 1
System  architecture: x64
Process architecture: x64
Date: 2026-02-15T04:28:47Z

COMMAND LINE ARGUMENTS:
C:\Program Files\Unity\Hub\Editor\6000.3.8f1\Editor\Unity.exe
-quit
-batchmode
-projectPath
C:\Users\dangreen\projects\valheim\worldzones\unity-perlin-wrapper
-executeMethod
ExtractPerlinData.ExtractPermutationTable
-logFile
C:\Users\dangreen\projects\valheim\worldzones\unity-perlin-wrapper\extract.log
Successfully changed project path to: C:\Users\dangreen\projects\valheim\worldzones\unity-perlin-wrapper
C:/Users/dangreen/projects/valheim/worldzones/unity-perlin-wrapper
[UnityMemory] Configuration Parameters - Can be set up in boot.config
    "memorysetup-temp-allocator-size-nav-mesh-worker=65536"
    "memorysetup-temp-allocator-size-audio-worker=65536"
    "memorysetup-temp-allocator-size-gfx=262144"
    "memorysetup-allocator-temp-initial-block-size-main=262144"
    "memorysetup-allocator-temp-initial-block-size-worker=262144"
    "memorysetup-temp-allocator-size-background-worker=32768"
    "memorysetup-temp-allocator-size-job-worker=262144"
    "memorysetup-temp-allocator-size-preload-manager=33554432"
    "memorysetup-temp-allocator-size-gi-baking-worker=262144"
    "memorysetup-temp-allocator-size-gi-baking-worker=262144"
    "memorysetup-temp-allocator-size-gi-baking-worker=262144"
    "memorysetup-temp-allocator-size-gi-baking-worker=262144"
    "memorysetup-temp-allocator-size-gi-baking-worker=262144"
    "memorysetup-bucket-allocator-granularity=16"
    "memorysetup-bucket-allocator-bucket-count=8"
    "memorysetup-bucket-allocator-block-size=33554432"
    "memorysetup-bucket-allocator-block-count=8"
    "memorysetup-main-allocator-block-size=16777216"
    "memorysetup-thread-allocator-block-size=16777216"
    "memorysetup-gfx-main-allocator-block-size=16777216"
    "memorysetup-gfx-thread-allocator-block-size=16777216"
    "memorysetup-cache-allocator-block-size=4194304"
    "memorysetup-typetree-allocator-block-size=2097152"
    "memorysetup-profiler-bucket-allocator-granularity=16"
    "memorysetup-profiler-bucket-allocator-bucket-count=8"
    "memorysetup-profiler-bucket-allocator-block-size=33554432"
    "memorysetup-profiler-bucket-allocator-block-count=8"
    "memorysetup-profiler-allocator-block-size=16777216"
    "memorysetup-profiler-editor-allocator-block-size=1048576"
    "memorysetup-temp-allocator-size-main=16777216"
    "memorysetup-job-temp-allocator-block-size=2097152"
    "memorysetup-job-temp-allocator-block-size-background=1048576"
    "memorysetup-job-temp-allocator-reduction-small-platforms=262144"
    "memorysetup-temp-allocator-size-cloud-worker=32768"
Player connection [5616]  Target information:

Player connection [5616]  * "[IP] 172.17.240.1 [Port] 55504 [Flags] 2 [Guid] 340833491 [EditorId] 340833491 [Version] 1048832 [Id] WindowsEditor(7,DESKTOP-AQ1AU6E) [Debug] 1 [PackageName] WindowsEditor [ProjectName] Editor" 

Player connection [5616]  * "[IP] 172.18.80.1 [Port] 55504 [Flags] 2 [Guid] 340833491 [EditorId] 340833491 [Version] 1048832 [Id] WindowsEditor(7,DESKTOP-AQ1AU6E) [Debug] 1 [PackageName] WindowsEditor [ProjectName] Editor" 

Player connection [5616]  * "[IP] 100.64.216.87 [Port] 55504 [Flags] 2 [Guid] 340833491 [EditorId] 340833491 [Version] 1048832 [Id] WindowsEditor(7,DESKTOP-AQ1AU6E) [Debug] 1 [PackageName] WindowsEditor [ProjectName] Editor" 

Player connection [5616]  * "[IP] 192.168.0.125 [Port] 55504 [Flags] 2 [Guid] 340833491 [EditorId] 340833491 [Version] 1048832 [Id] WindowsEditor(7,DESKTOP-AQ1AU6E) [Debug] 1 [PackageName] WindowsEditor [ProjectName] Editor" 

Player connection [5616] Host joined multi-casting on [225.0.0.222:54997]...
Player connection [5616] Host joined alternative multi-casting on [225.0.0.222:34997]...
Input System module state changed to: Initialized.
[Physics::Module] Initialized fallback backend.
[Physics::Module] Id: 0xdecafbad
[Licensing::Client] Handshaking with LicensingClient:
  Version:                 1.17.4+4293ba1
  Session Id:              c86a5b65bbb94a6db3f01d5b29c3b93f
  Correlation Id:          c8b8ba5792d212314bdd8d77580d6491
  External correlation Id: 4805537571164952116
  Machine Id:              fn9t0wrHQOY542YEBvMsTrpKnTc=
[Licensing::Module] Successfully connected to LicensingClient on channel: "LicenseClient-dangreen" (connect: 0.00s, validation: 0.01s, handshake: 1.48s)
[Licensing::IpcConnector] Successfully connected to: "LicenseClient-dangreen-notifications" at "2026-02-15T04:28:48.9348006Z"
[Licensing::Module] Error: Access token is unavailable; failed to update
[Package Manager] Connected to IPC stream "Upm-17864" after 1.0 seconds.
[Licensing::Module] Licensing is not yet initialized.
[Licensing::Client] Successfully resolved entitlement details
[Licensing::Module] License group:
  Id: 20066275243332-UnityPersXXXX
  Product: Unity Personal
  Type: Assigned
  Expiration: Unlimited
[Licensing::Client] Successfully updated license, isAsync: True, time: 0.00
[Licensing::Client] Successfully resolved entitlement details
[Licensing::Module] Licensing Background thread has ended after 1.55s
[Licensing::Module] Licensing is initialized (took 0.03s).
[Licensing::Client] Successfully resolved entitlement details
Library Redirect Path: Library/
[Physics::Module] Selected backend.
[Physics::Module] Name: PhysX
[Physics::Module] Id: 0xf2b8ea05
[Physics::Module] SDK Version: 4.1.2
[Physics::Module] Integration Version: 1.0.0
[Physics::Module] Threading Mode: Multi-Threaded
Refreshing native plugins compatible for Editor in 0.00 ms, found 0 plugins.
Preloading 0 native plugins for Editor in 0.00 ms.
Initialize engine version: 6000.3.8f1 (1c7db571dde0)
[Subsystems] Discovering subsystems at path C:/Program Files/Unity/Hub/Editor/6000.3.8f1/Editor/Data/Resources/UnitySubsystems
[Subsystems] Discovering subsystems at path C:/Users/dangreen/projects/valheim/worldzones/unity-perlin-wrapper/Assets
GfxDevice: creating device client; kGfxThreadingModeNonThreaded
Direct3D:
    Version:  Direct3D 11.0 [level 11.1]
    Renderer: NVIDIA GeForce RTX 4060 Laptop GPU (ID=0x28a0)
    Vendor:   NVIDIA
    VRAM:     7960 MB
    Driver:   32.0.15.8180
Initialize mono
Mono path[0] = 'C:/Program Files/Unity/Hub/Editor/6000.3.8f1/Editor/Data/Managed'
Mono path[1] = 'C:/Program Files/Unity/Hub/Editor/6000.3.8f1/Editor/Data/MonoBleedingEdge/lib/mono/unityjit-win32'
Mono config path = 'C:/Program Files/Unity/Hub/Editor/6000.3.8f1/Editor/Data/MonoBleedingEdge/etc'
Using monoOptions --debugger-agent=transport=dt_socket,embedding=1,server=y,suspend=n,address=127.0.0.1:56864
Using cacheserver namespaces - metadata:defaultmetadata, artifacts:defaultartifacts
Using cacheserver namespaces - metadata:defaultmetadata, artifacts:defaultartifacts
ImportWorker Server TCP listen port: 0
AcceleratorClientConnectionCallback - disconnected - :0
Begin MonoManager ReloadAssembly
Registering precompiled unity dll's ...
Register platform support module: C:/Program Files/Unity/Hub/Editor/6000.3.8f1/Editor/Data/PlaybackEngines/WebGLSupport/UnityEditor.WebGL.Extensions.dll
Register platform support module: C:/Program Files/Unity/Hub/Editor/6000.3.8f1/Editor/Data/PlaybackEngines/WindowsStandaloneSupport/UnityEditor.WindowsStandalone.Extensions.dll
Registered in 1.320692 seconds.
- Loaded All Assemblies, in 40.847 seconds
Native extension for WindowsStandalone target not found
Native extension for WebGL target not found
ScheduleIndexationOnStartup MainProcess:False IndexOnStartup:False
Mono: successfully reloaded assembly
- Finished resetting the current domain, in  0.418 seconds
Domain Reload Profiling: 41263ms
	BeginReloadAssembly (31781ms)
		ExecutionOrderSort (0ms)
		DisableScriptedObjects (0ms)
		BackupInstance (0ms)
		ReleaseScriptingObjects (0ms)
		CreateAndSetChildDomain (15ms)
	RebuildCommonClasses (1969ms)
	RebuildNativeTypeToScriptingClass (9ms)
	initialDomainReloadingComplete (1371ms)
	LoadAllAssembliesAndSetupDomain (5715ms)
		LoadAssemblies (31800ms)
		RebuildTransferFunctionScriptingTraits (0ms)
		AnalyzeDomain (5676ms)
			TypeCache.Refresh (5674ms)
				TypeCache.ScanAssembly (4547ms)
			BuildScriptInfoCaches (0ms)
			ResolveRequiredComponents (0ms)
	FinalizeReload (418ms)
		ReleaseScriptCaches (0ms)
		RebuildScriptCaches (0ms)
		SetupLoadedEditorAssemblies (375ms)
			LogAssemblyErrors (0ms)
			InitializePlatformSupportModulesInManaged (47ms)
			SetLoadedEditorAssemblies (5ms)
			BeforeProcessingInitializeOnLoad (78ms)
			ProcessInitializeOnLoadAttributes (162ms)
			ProcessInitializeOnLoadMethodAttributes (83ms)
			AfterProcessingInitializeOnLoad (0ms)
			EditorAssembliesLoaded (0ms)
		ExecutionOrderSort2 (0ms)
		AwakeInstancesAfterBackupRestoration (0ms)
[Licensing::Client] Successfully resolved entitlement details
Application.AssetDatabase Initial Refresh Start
Package Manager log level set to [2]
[Package Manager] Restoring resolved packages state from cache
[Licensing::Client] Successfully resolved entitlement details
[Package Manager] Registered 37 packages:
  Built-in packages:
    com.unity.multiplayer.center@1.0.1 (location: C:\Users\dangreen\projects\valheim\worldzones\unity-perlin-wrapper\Library\PackageCache\com.unity.multiplayer.center@f01f4ba8d00a)
    com.unity.modules.accessibility@1.0.0 (location: C:\Users\dangreen\projects\valheim\worldzones\unity-perlin-wrapper\Library\PackageCache\com.unity.modules.accessibility)
    com.unity.modules.adaptiveperformance@1.0.0 (location: C:\Users\dangreen\projects\valheim\worldzones\unity-perlin-wrapper\Library\PackageCache\com.unity.modules.adaptiveperformance)
    com.unity.modules.ai@1.0.0 (location: C:\Users\dangreen\projects\valheim\worldzones\unity-perlin-wrapper\Library\PackageCache\com.unity.modules.ai)
    com.unity.modules.androidjni@1.0.0 (location: C:\Users\dangreen\projects\valheim\worldzones\unity-perlin-wrapper\Library\PackageCache\com.unity.modules.androidjni)
    com.unity.modules.animation@1.0.0 (location: C:\Users\dangreen\projects\valheim\worldzones\unity-perlin-wrapper\Library\PackageCache\com.unity.modules.animation)
    com.unity.modules.assetbundle@1.0.0 (location: C:\Users\dangreen\projects\valheim\worldzones\unity-perlin-wrapper\Library\PackageCache\com.unity.modules.assetbundle)
    com.unity.modules.audio@1.0.0 (location: C:\Users\dangreen\projects\valheim\worldzones\unity-perlin-wrapper\Library\PackageCache\com.unity.modules.audio)
    com.unity.modules.cloth@1.0.0 (location: C:\Users\dangreen\projects\valheim\worldzones\unity-perlin-wrapper\Library\PackageCache\com.unity.modules.cloth)
    com.unity.modules.director@1.0.0 (location: C:\Users\dangreen\projects\valheim\worldzones\unity-perlin-wrapper\Library\PackageCache\com.unity.modules.director)
    com.unity.modules.imageconversion@1.0.0 (location: C:\Users\dangreen\projects\valheim\worldzones\unity-perlin-wrapper\Library\PackageCache\com.unity.modules.imageconversion)
    com.unity.modules.imgui@1.0.0 (location: C:\Users\dangreen\projects\valheim\worldzones\unity-perlin-wrapper\Library\PackageCache\com.unity.modules.imgui)
    com.unity.modules.jsonserialize@1.0.0 (location: C:\Users\dangreen\projects\valheim\worldzones\unity-perlin-wrapper\Library\PackageCache\com.unity.modules.jsonserialize)
    com.unity.modules.particlesystem@1.0.0 (location: C:\Users\dangreen\projects\valheim\worldzones\unity-perlin-wrapper\Library\PackageCache\com.unity.modules.particlesystem)
    com.unity.modules.physics@1.0.0 (location: C:\Users\dangreen\projects\valheim\worldzones\unity-perlin-wrapper\Library\PackageCache\com.unity.modules.physics)
    com.unity.modules.physics2d@1.0.0 (location: C:\Users\dangreen\projects\valheim\worldzones\unity-perlin-wrapper\Library\PackageCache\com.unity.modules.physics2d)
    com.unity.modules.screencapture@1.0.0 (location: C:\Users\dangreen\projects\valheim\worldzones\unity-perlin-wrapper\Library\PackageCache\com.unity.modules.screencapture)
    com.unity.modules.terrain@1.0.0 (location: C:\Users\dangreen\projects\valheim\worldzones\unity-perlin-wrapper\Library\PackageCache\com.unity.modules.terrain)
    com.unity.modules.terrainphysics@1.0.0 (location: C:\Users\dangreen\projects\valheim\worldzones\unity-perlin-wrapper\Library\PackageCache\com.unity.modules.terrainphysics)
    com.unity.modules.tilemap@1.0.0 (location: C:\Users\dangreen\projects\valheim\worldzones\unity-perlin-wrapper\Library\PackageCache\com.unity.modules.tilemap)
    com.unity.modules.ui@1.0.0 (location: C:\Users\dangreen\projects\valheim\worldzones\unity-perlin-wrapper\Library\PackageCache\com.unity.modules.ui)
    com.unity.modules.uielements@1.0.0 (location: C:\Users\dangreen\projects\valheim\worldzones\unity-perlin-wrapper\Library\PackageCache\com.unity.modules.uielements)
    com.unity.modules.umbra@1.0.0 (location: C:\Users\dangreen\projects\valheim\worldzones\unity-perlin-wrapper\Library\PackageCache\com.unity.modules.umbra)
    com.unity.modules.unityanalytics@1.0.0 (location: C:\Users\dangreen\projects\valheim\worldzones\unity-perlin-wrapper\Library\PackageCache\com.unity.modules.unityanalytics)
    com.unity.modules.unitywebrequest@1.0.0 (location: C:\Users\dangreen\projects\valheim\worldzones\unity-perlin-wrapper\Library\PackageCache\com.unity.modules.unitywebrequest)
    com.unity.modules.unitywebrequestassetbundle@1.0.0 (location: C:\Users\dangreen\projects\valheim\worldzones\unity-perlin-wrapper\Library\PackageCache\com.unity.modules.unitywebrequestassetbundle)
    com.unity.modules.unitywebrequestaudio@1.0.0 (location: C:\Users\dangreen\projects\valheim\worldzones\unity-perlin-wrapper\Library\PackageCache\com.unity.modules.unitywebrequestaudio)
    com.unity.modules.unitywebrequesttexture@1.0.0 (location: C:\Users\dangreen\projects\valheim\worldzones\unity-perlin-wrapper\Library\PackageCache\com.unity.modules.unitywebrequesttexture)
    com.unity.modules.unitywebrequestwww@1.0.0 (location: C:\Users\dangreen\projects\valheim\worldzones\unity-perlin-wrapper\Library\PackageCache\com.unity.modules.unitywebrequestwww)
    com.unity.modules.vectorgraphics@1.0.0 (location: C:\Users\dangreen\projects\valheim\worldzones\unity-perlin-wrapper\Library\PackageCache\com.unity.modules.vectorgraphics)
    com.unity.modules.vehicles@1.0.0 (location: C:\Users\dangreen\projects\valheim\worldzones\unity-perlin-wrapper\Library\PackageCache\com.unity.modules.vehicles)
    com.unity.modules.video@1.0.0 (location: C:\Users\dangreen\projects\valheim\worldzones\unity-perlin-wrapper\Library\PackageCache\com.unity.modules.video)
    com.unity.modules.vr@1.0.0 (location: C:\Users\dangreen\projects\valheim\worldzones\unity-perlin-wrapper\Library\PackageCache\com.unity.modules.vr)
    com.unity.modules.wind@1.0.0 (location: C:\Users\dangreen\projects\valheim\worldzones\unity-perlin-wrapper\Library\PackageCache\com.unity.modules.wind)
    com.unity.modules.xr@1.0.0 (location: C:\Users\dangreen\projects\valheim\worldzones\unity-perlin-wrapper\Library\PackageCache\com.unity.modules.xr)
    com.unity.modules.subsystems@1.0.0 (location: C:\Users\dangreen\projects\valheim\worldzones\unity-perlin-wrapper\Library\PackageCache\com.unity.modules.subsystems)
    com.unity.modules.hierarchycore@1.0.0 (location: C:\Users\dangreen\projects\valheim\worldzones\unity-perlin-wrapper\Library\PackageCache\com.unity.modules.hierarchycore)
[Subsystems] No new subsystems found in resolved package list.
[Package Manager] Done registering packages in 0.05 seconds
[ScriptCompilation] Requested script compilation because: Assetdatabase observed changes in script compilation related files
Starting: C:\Program Files\Unity\Hub\Editor\6000.3.8f1\Editor\Data\Tools\BuildPipeline\bee_backend.exe --ipc --defer-dag-verification --dagfile="Library/Bee/1900b0aE.dag" --continue-on-failure --profile="Library/Bee/backend1.traceevents" ScriptAssemblies
WorkingDir: C:/Users/dangreen/projects/valheim/worldzones/unity-perlin-wrapper
DisplayProgressbar: Compiling Scripts
ExitCode: 4 Duration: 3s348ms
Rebuilding DAG because FileSignature timestamp changed: Library/Bee/1900b0aE-inputdata.json
[169/175    3s] Csc Library/Bee/artifacts/1900b0aE.dag/Assembly-CSharp.dll (+2 others)
*** Tundra requires additional run (3.29 seconds), 1 items updated, 168 evaluated
Starting: C:\Program Files\Unity\Hub\Editor\6000.3.8f1\Editor\Data\netcorerun\netcorerun.exe "C:\Program Files\Unity\Hub\Editor\6000.3.8f1\Editor\Data\Tools\BuildPipeline\ScriptCompilationBuildProgram.exe" "Library/Bee/1900b0aE.dag.json" "Library/Bee/1900b0aE-inputdata.json" "Library\Bee\buildprogram0.traceevents"
WorkingDir: C:/Users/dangreen/projects/valheim/worldzones/unity-perlin-wrapper
ExitCode: 0 Duration: 4s530ms
Starting: C:\Program Files\Unity\Hub\Editor\6000.3.8f1\Editor\Data\Tools\BuildPipeline\bee_backend.exe --ipc --defer-dag-verification --dagfile="Library/Bee/1900b0aE.dag" --continue-on-failure --dagfilejson="Library\Bee\1900b0aE.dag.json" --profile="Library/Bee/backend2.traceevents" ScriptAssemblies
WorkingDir: C:/Users/dangreen/projects/valheim/worldzones/unity-perlin-wrapper
ExitCode: 0 Duration: 12s
Finished compiling graph: 178 nodes, 955 flattened edges (923 ToBuild, 8 ToUse), maximum node priority 46
[162/175    0s] WriteText Library/Bee/artifacts/1900b0aE.dag/Assembly-CSharp.rsp
[168/175    0s] WriteText Library/Bee/artifacts/1900b0aE.dag/Assembly-CSharp-Editor.rsp
[169/175    0s] Csc Library/Bee/artifacts/1900b0aE.dag/Assembly-CSharp.dll (+2 others)
[170/175    0s] CopyFiles Library/ScriptAssemblies/Assembly-CSharp.pdb
[171/175    0s] CopyFiles Library/ScriptAssemblies/Assembly-CSharp.dll
[BUSY       6s] Csc Library/Bee/artifacts/1900b0aE.dag/Assembly-CSharp-Editor.dll (+2 others)
[172/175   11s] Csc Library/Bee/artifacts/1900b0aE.dag/Assembly-CSharp-Editor.dll (+2 others)
Assets\Editor\BuildDLL.cs(24,35): warning CS0618: 'AssemblyBuilder' is obsolete: 'This feature is being deprecated and will be removed in the future. Similar functionality can be achieved using the Roslyn compiler'
[173/175    0s] CopyFiles Library/ScriptAssemblies/Assembly-CSharp-Editor.pdb
[174/175    0s] CopyFiles Library/ScriptAssemblies/Assembly-CSharp-Editor.dll
*** Tundra build success (12.33 seconds), 8 items updated, 175 evaluated
Assets\Editor\BuildDLL.cs(24,35): warning CS0618: 'AssemblyBuilder' is obsolete: 'This feature is being deprecated and will be removed in the future. Similar functionality can be achieved using the Roslyn compiler'
Total cache size 234312
Total cache size after purge 234312, took 00:00:00.0144144
AssetDatabase: script compilation time: 21.716657s
Begin MonoManager ReloadAssembly
- Loaded All Assemblies, in  1.122 seconds
Refreshing native plugins compatible for Editor in 0.00 ms, found 0 plugins.
Native extension for WindowsStandalone target not found
Native extension for WebGL target not found
ScheduleIndexationOnStartup MainProcess:True IndexOnStartup:True
Mono: successfully reloaded assembly
- Finished resetting the current domain, in  0.422 seconds
Domain Reload Profiling: 1541ms
	BeginReloadAssembly (235ms)
		ExecutionOrderSort (0ms)
		DisableScriptedObjects (12ms)
		BackupInstance (0ms)
		ReleaseScriptingObjects (0ms)
		CreateAndSetChildDomain (53ms)
	RebuildCommonClasses (43ms)
	RebuildNativeTypeToScriptingClass (10ms)
	initialDomainReloadingComplete (25ms)
	LoadAllAssembliesAndSetupDomain (806ms)
		LoadAssemblies (923ms)
		RebuildTransferFunctionScriptingTraits (0ms)
		AnalyzeDomain (13ms)
			TypeCache.Refresh (9ms)
				TypeCache.ScanAssembly (2ms)
			BuildScriptInfoCaches (1ms)
			ResolveRequiredComponents (1ms)
	FinalizeReload (422ms)
		ReleaseScriptCaches (0ms)
		RebuildScriptCaches (0ms)
		SetupLoadedEditorAssemblies (307ms)
			LogAssemblyErrors (0ms)
			InitializePlatformSupportModulesInManaged (30ms)
			SetLoadedEditorAssemblies (2ms)
			BeforeProcessingInitializeOnLoad (125ms)
			ProcessInitializeOnLoadAttributes (112ms)
			ProcessInitializeOnLoadMethodAttributes (33ms)
			AfterProcessingInitializeOnLoad (5ms)
			EditorAssembliesLoaded (0ms)
		ExecutionOrderSort2 (0ms)
		AwakeInstancesAfterBackupRestoration (10ms)
Refreshing native plugins compatible for Editor in 0.00 ms, found 0 plugins.
Preloading 0 native plugins for Editor in 0.00 ms.
Asset Pipeline Refresh (id=676a5faec21cf4644ba374844e1ca549): Total: 23.789 seconds - Initiated by InitialRefreshV2(ForceSynchronousImport)
	Summary:
		Imports: total=0 (actual=0, local cache=0, cache server=0)
		Asset DB Process Time: managed=0 ms, native=697 ms
		Asset DB Callback time: managed=88 ms, native=155 ms
		Scripting: domain reloads=1, domain reload time=1122 ms, compile time=21718 ms, other=7 ms
		Project Asset Count: scripts=113, non-scripts=81
		Asset File Changes: new=2, changed=2, moved=0, deleted=0
		Scan Filter Count: 0
	InvokeCustomDependenciesCallbacks: 0.002ms
	InvokePackagesCallback: 163.166ms
	ApplyChangesToAssetFolders: 0.800ms
	Scan: 61.159ms
	OnSourceAssetsModified: 0.865ms
	CategorizeAssetsWithTransientArtifact: 0.255ms
	ProcessAssetsWithTransientArtifactChanges: 1.212ms
	CategorizeAssets: 1.439ms
	ImportOutOfDateAssets: 423.512ms (-21295.260ms without children)
		CompileScripts: 21718.398ms
		ReloadNativeAssets: 0.001ms
		UnloadImportedAssets: 0.114ms
		EnsureUptoDateAssetsAreRegisteredWithGuidPM: 0.027ms
		InitializingProgressBar: 0.001ms
		PostProcessAllAssetNotificationsAddChangedAssets: 0.001ms
		OnDemandSchedulerStart: 0.232ms
	PostProcessAllAssets: 88.946ms
	Hotreload: 0.972ms
	GatherAllCurrentPrimaryArtifactRevisions: 0.002ms
	UnloadStreamsBegin: 2.648ms
	PersistCurrentRevisions: 0.005ms
	UnloadStreamsEnd: 0.002ms
	GenerateScriptTypeHashes: 0.468ms
	Untracked: 23044.389ms

Application.AssetDatabase Initial Refresh End
Launched and connected shader compiler UnityShaderCompiler.exe after 0.03 seconds
Scanning for USB devices : 9.652ms
Initializing Unity extensions:
[MODES] ModeService[none].Initialize
[MODES] ModeService[none].LoadModes
[MODES] Loading mode Default (0) for mode-current-id-unity-perlin-wrapper
Unloading 3 Unused Serialized files (Serialized files now loaded: 0)
Unloading 82 unused Assets / (1.1 MB). Loaded Objects now: 680.
Memory consumption went from 90.6 MB to 89.5 MB.
Total: 12.069000 ms (FindLiveObjects: 0.042200 ms CreateObjectMapping: 0.007400 ms MarkObjects: 10.644800 ms  DeleteObjects: 1.370200 ms)

Permutation table data extracted to: C:\Users\dangreen\projects\valheim\worldzones\unity-perlin-wrapper\Build\UnityPerlinSamples.cs
UnityEngine.Debug:ExtractStackTraceNoAlloc (byte*,int,string)
UnityEngine.StackTraceUtility:ExtractStackTrace ()
UnityEngine.DebugLogHandler:Internal_Log (UnityEngine.LogType,UnityEngine.LogOption,string,UnityEngine.Object)
UnityEngine.DebugLogHandler:LogFormat (UnityEngine.LogType,UnityEngine.Object,string,object[])
UnityEngine.Logger:Log (UnityEngine.LogType,object)
UnityEngine.Debug:Log (object)
ExtractPerlinData:ExtractPermutationTable () (at Assets/Editor/ExtractPerlinData.cs:64)

(Filename: Assets/Editor/ExtractPerlinData.cs Line: 64)

Total samples: 505
UnityEngine.Debug:ExtractStackTraceNoAlloc (byte*,int,string)
UnityEngine.StackTraceUtility:ExtractStackTrace ()
UnityEngine.DebugLogHandler:Internal_Log (UnityEngine.LogType,UnityEngine.LogOption,string,UnityEngine.Object)
UnityEngine.DebugLogHandler:LogFormat (UnityEngine.LogType,UnityEngine.Object,string,object[])
UnityEngine.Logger:Log (UnityEngine.LogType,object)
UnityEngine.Debug:Log (object)
ExtractPerlinData:ExtractPermutationTable () (at Assets/Editor/ExtractPerlinData.cs:65)

(Filename: Assets/Editor/ExtractPerlinData.cs Line: 65)

Batchmode quit successfully invoked - shutting down!
Curl error 42: Callback aborted
[Physics::Module] Cleanup current backend.
[Physics::Module] Id: 0xf2b8ea05
Input System module state changed to: ShutdownInProgress.
Input System polling thread exited.
Input System module state changed to: Shutdown.
[Licensing::IpcConnector] LicenseClient-dangreen-notifications channel disconnected successfully.
[Licensing::IpcConnector] LicenseClient-dangreen channel disconnected successfully.
AcceleratorClientConnectionCallback - disconnected - :0
Cleanup mono
Exiting batchmode successfully now!
Exiting without the bug reporter. Application will terminate with return code 0